C:\USERS\MSPPROD\DOCUMENTS\VISUAL STUDIO 2010\PROJECTS\LOADIMAGE\DEBUG\LOADIMAGE.EXE
C:\USERS\MSPPROD\DOCUMENTS\VISUAL STUDIO 2010\PROJECTS\LOADIMAGE\DEBUG\LOADIMAGE.ILK
C:\USERS\MSPPROD\DOCUMENTS\VISUAL STUDIO 2010\PROJECTS\LOADIMAGE\DEBUG\LOADIMAGE.PDB
C:\Users\mspprod\Documents\Visual Studio 2010\Projects\loadImage\loadImage\Debug\cl.command.1.tlog
C:\Users\mspprod\Documents\Visual Studio 2010\Projects\loadImage\loadImage\Debug\CL.read.1.tlog
C:\Users\mspprod\Documents\Visual Studio 2010\Projects\loadImage\loadImage\Debug\CL.write.1.tlog
C:\USERS\MSPPROD\DOCUMENTS\VISUAL STUDIO 2010\PROJECTS\LOADIMAGE\LOADIMAGE\DEBUG\INITSHADER.OBJ
C:\Users\mspprod\Documents\Visual Studio 2010\Projects\loadImage\loadImage\Debug\link.6812.read.1.tlog
C:\Users\mspprod\Documents\Visual Studio 2010\Projects\loadImage\loadImage\Debug\link.6812.write.1.tlog
C:\Users\mspprod\Documents\Visual Studio 2010\Projects\loadImage\loadImage\Debug\link.6812-cvtres.read.1.tlog
C:\Users\mspprod\Documents\Visual Studio 2010\Projects\loadImage\loadImage\Debug\link.6812-cvtres.write.1.tlog
C:\Users\mspprod\Documents\Visual Studio 2010\Projects\loadImage\loadImage\Debug\link.command.1.tlog
C:\Users\mspprod\Documents\Visual Studio 2010\Projects\loadImage\loadImage\Debug\link.read.1.tlog
C:\Users\mspprod\Documents\Visual Studio 2010\Projects\loadImage\loadImage\Debug\link.write.1.tlog
C:\Users\mspprod\Documents\Visual Studio 2010\Projects\loadImage\loadImage\Debug\link-cvtres.read.1.tlog
C:\Users\mspprod\Documents\Visual Studio 2010\Projects\loadImage\loadImage\Debug\link-cvtres.write.1.tlog
C:\USERS\MSPPROD\DOCUMENTS\VISUAL STUDIO 2010\PROJECTS\LOADIMAGE\LOADIMAGE\DEBUG\LOADIMAGE.EXE.EMBED.MANIFEST
C:\USERS\MSPPROD\DOCUMENTS\VISUAL STUDIO 2010\PROJECTS\LOADIMAGE\LOADIMAGE\DEBUG\LOADIMAGE.EXE.EMBED.MANIFEST.RES
C:\USERS\MSPPROD\DOCUMENTS\VISUAL STUDIO 2010\PROJECTS\LOADIMAGE\LOADIMAGE\DEBUG\LOADIMAGE.EXE.INTERMEDIATE.MANIFEST
C:\USERS\MSPPROD\DOCUMENTS\VISUAL STUDIO 2010\PROJECTS\LOADIMAGE\LOADIMAGE\DEBUG\LOADIMAGE.OBJ
C:\Users\mspprod\Documents\Visual Studio 2010\Projects\loadImage\loadImage\Debug\loadImage_manifest.rc
C:\Users\mspprod\Documents\Visual Studio 2010\Projects\loadImage\loadImage\Debug\mt.command.1.tlog
C:\Users\mspprod\Documents\Visual Studio 2010\Projects\loadImage\loadImage\Debug\mt.read.1.tlog
C:\Users\mspprod\Documents\Visual Studio 2010\Projects\loadImage\loadImage\Debug\mt.write.1.tlog
C:\Users\mspprod\Documents\Visual Studio 2010\Projects\loadImage\loadImage\Debug\rc.command.1.tlog
C:\Users\mspprod\Documents\Visual Studio 2010\Projects\loadImage\loadImage\Debug\rc.read.1.tlog
C:\Users\mspprod\Documents\Visual Studio 2010\Projects\loadImage\loadImage\Debug\rc.write.1.tlog
C:\Users\mspprod\Documents\Visual Studio 2010\Projects\loadImage\loadImage\Debug\vc100.idb
C:\USERS\MSPPROD\DOCUMENTS\VISUAL STUDIO 2010\PROJECTS\LOADIMAGE\LOADIMAGE\DEBUG\VC100.PDB
