  loadImage.cpp
c:\program files (x86)\microsoft visual studio 10.0\vc\include\gl\angel.h(63): warning C4305: 'initializing' : truncation from 'double' to 'const GLfloat'
c:\program files (x86)\microsoft visual studio 10.0\vc\include\gl\mat.h(698): warning C4244: '=' : conversion from 'double' to 'GLfloat', possible loss of data
c:\program files (x86)\microsoft visual studio 10.0\vc\include\gl\mat.h(699): warning C4244: '=' : conversion from 'double' to 'GLfloat', possible loss of data
c:\program files (x86)\microsoft visual studio 10.0\vc\include\gl\mat.h(700): warning C4244: '=' : conversion from 'double' to 'GLfloat', possible loss of data
c:\program files (x86)\microsoft visual studio 10.0\vc\include\gl\mat.h(721): warning C4244: '=' : conversion from 'double' to 'GLfloat', possible loss of data
c:\program files (x86)\microsoft visual studio 10.0\vc\include\gl\mat.h(723): warning C4244: '=' : conversion from 'double' to 'GLfloat', possible loss of data
c:\program files (x86)\microsoft visual studio 10.0\vc\include\gl\mat.h(726): warning C4244: '=' : conversion from 'double' to 'GLfloat', possible loss of data
c:\program files (x86)\microsoft visual studio 10.0\vc\include\gl\mat.h(743): warning C4244: '=' : conversion from 'double' to 'GLfloat', possible loss of data
c:\users\mspprod\documents\visual studio 2010\projects\loadimage\loadimage\loadimage.cpp(128): warning C4244: 'argument' : conversion from 'double' to 'GLfloat', possible loss of data
c:\users\mspprod\documents\visual studio 2010\projects\loadimage\loadimage\loadimage.cpp(128): warning C4244: 'argument' : conversion from 'double' to 'GLfloat', possible loss of data
c:\users\mspprod\documents\visual studio 2010\projects\loadimage\loadimage\loadimage.cpp(128): warning C4244: 'argument' : conversion from 'double' to 'GLfloat', possible loss of data
c:\users\mspprod\documents\visual studio 2010\projects\loadimage\loadimage\loadimage.cpp(129): warning C4244: 'argument' : conversion from 'double' to 'GLfloat', possible loss of data
c:\users\mspprod\documents\visual studio 2010\projects\loadimage\loadimage\loadimage.cpp(129): warning C4244: 'argument' : conversion from 'double' to 'GLfloat', possible loss of data
c:\users\mspprod\documents\visual studio 2010\projects\loadimage\loadimage\loadimage.cpp(137): warning C4244: 'argument' : conversion from 'double' to 'GLfloat', possible loss of data
c:\users\mspprod\documents\visual studio 2010\projects\loadimage\loadimage\loadimage.cpp(137): warning C4244: 'argument' : conversion from 'double' to 'GLfloat', possible loss of data
c:\users\mspprod\documents\visual studio 2010\projects\loadimage\loadimage\loadimage.cpp(137): warning C4244: 'argument' : conversion from 'double' to 'GLfloat', possible loss of data
c:\users\mspprod\documents\visual studio 2010\projects\loadimage\loadimage\loadimage.cpp(140): warning C4244: 'argument' : conversion from 'double' to 'GLfloat', possible loss of data
c:\users\mspprod\documents\visual studio 2010\projects\loadimage\loadimage\loadimage.cpp(140): warning C4244: 'argument' : conversion from 'double' to 'GLfloat', possible loss of data
c:\users\mspprod\documents\visual studio 2010\projects\loadimage\loadimage\loadimage.cpp(150): warning C4244: 'argument' : conversion from 'double' to 'GLfloat', possible loss of data
c:\users\mspprod\documents\visual studio 2010\projects\loadimage\loadimage\loadimage.cpp(150): warning C4244: 'argument' : conversion from 'double' to 'GLfloat', possible loss of data
c:\users\mspprod\documents\visual studio 2010\projects\loadimage\loadimage\loadimage.cpp(150): warning C4244: 'argument' : conversion from 'double' to 'GLfloat', possible loss of data
c:\users\mspprod\documents\visual studio 2010\projects\loadimage\loadimage\loadimage.cpp(152): warning C4244: 'argument' : conversion from 'double' to 'GLfloat', possible loss of data
c:\users\mspprod\documents\visual studio 2010\projects\loadimage\loadimage\loadimage.cpp(152): warning C4244: 'argument' : conversion from 'double' to 'GLfloat', possible loss of data
c:\users\mspprod\documents\visual studio 2010\projects\loadimage\loadimage\loadimage.cpp(160): warning C4244: 'argument' : conversion from 'double' to 'GLfloat', possible loss of data
c:\users\mspprod\documents\visual studio 2010\projects\loadimage\loadimage\loadimage.cpp(160): warning C4244: 'argument' : conversion from 'double' to 'GLfloat', possible loss of data
c:\users\mspprod\documents\visual studio 2010\projects\loadimage\loadimage\loadimage.cpp(160): warning C4244: 'argument' : conversion from 'double' to 'GLfloat', possible loss of data
c:\users\mspprod\documents\visual studio 2010\projects\loadimage\loadimage\loadimage.cpp(162): warning C4244: 'argument' : conversion from 'double' to 'GLfloat', possible loss of data
c:\users\mspprod\documents\visual studio 2010\projects\loadimage\loadimage\loadimage.cpp(162): warning C4244: 'argument' : conversion from 'double' to 'GLfloat', possible loss of data
c:\users\mspprod\documents\visual studio 2010\projects\loadimage\loadimage\loadimage.cpp(399): warning C4244: 'argument' : conversion from 'double' to 'GLfloat', possible loss of data
c:\users\mspprod\documents\visual studio 2010\projects\loadimage\loadimage\loadimage.cpp(399): warning C4244: 'argument' : conversion from 'double' to 'const GLfloat', possible loss of data
c:\users\mspprod\documents\visual studio 2010\projects\loadimage\loadimage\loadimage.cpp(399): warning C4244: 'argument' : conversion from 'double' to 'const GLfloat', possible loss of data
c:\users\mspprod\documents\visual studio 2010\projects\loadimage\loadimage\loadimage.cpp(399): warning C4244: 'argument' : conversion from 'double' to 'const GLfloat', possible loss of data
c:\users\mspprod\documents\visual studio 2010\projects\loadimage\loadimage\loadimage.cpp(113): warning C4715: 'loadTexFile' : not all control paths return a value
  loadImage.vcxproj -> C:\Users\mspprod\Documents\Visual Studio 2010\Projects\loadImage\Debug\loadImage.exe
